Determining if the pthread_create exist failed with the following output:
Change Dir: /home/kino/CLionProjects/CoM/cmake-build-debug/CMakeFiles/CMakeTmp

Run Build Command:"/usr/bin/make" "cmTC_e389d/fast"
make[1]: Entering directory '/home/kino/CLionProjects/CoM/cmake-build-debug/CMakeFiles/CMakeTmp'
/usr/bin/make -f CMakeFiles/cmTC_e389d.dir/build.make CMakeFiles/cmTC_e389d.dir/build
make[2]: Entering directory '/home/kino/CLionProjects/CoM/cmake-build-debug/CMakeFiles/CMakeTmp'
Building C object CMakeFiles/cmTC_e389d.dir/CheckSymbolExists.c.o
/usr/bin/cc    -o CMakeFiles/cmTC_e389d.dir/CheckSymbolExists.c.o   -c /home/kino/CLionProjects/CoM/cmake-build-debug/CMakeFiles/CMakeTmp/CheckSymbolExists.c
Linking C executable cmTC_e389d
/home/kino/Desktop/clion-2018.2.4/bin/cmake/linux/bin/cmake -E cmake_link_script CMakeFiles/cmTC_e389d.dir/link.txt --verbose=1
/usr/bin/cc      CMakeFiles/cmTC_e389d.dir/CheckSymbolExists.c.o  -o cmTC_e389d 
CMakeFiles/cmTC_e389d.dir/CheckSymbolExists.c.o: In function `main':
CheckSymbolExists.c:(.text+0x1b): undefined reference to `pthread_create'
collect2: error: ld returned 1 exit status
CMakeFiles/cmTC_e389d.dir/build.make:86: recipe for target 'cmTC_e389d' failed
make[2]: *** [cmTC_e389d] Error 1
make[2]: Leaving directory '/home/kino/CLionProjects/CoM/cmake-build-debug/CMakeFiles/CMakeTmp'
Makefile:121: recipe for target 'cmTC_e389d/fast' failed
make[1]: *** [cmTC_e389d/fast] Error 2
make[1]: Leaving directory '/home/kino/CLionProjects/CoM/cmake-build-debug/CMakeFiles/CMakeTmp'

File /home/kino/CLionProjects/CoM/cmake-build-debug/CMakeFiles/CMakeTmp/CheckSymbolExists.c:
/* */
#include <pthread.h>

int main(int argc, char** argv)
{
  (void)argv;
#ifndef pthread_create
  return ((int*)(&pthread_create))[argc];
#else
  (void)argc;
  return 0;
#endif
}

Determining if the function pthread_create exists in the pthreads failed with the following output:
Change Dir: /home/kino/CLionProjects/CoM/cmake-build-debug/CMakeFiles/CMakeTmp

Run Build Command:"/usr/bin/make" "cmTC_7757b/fast"
make[1]: Entering directory '/home/kino/CLionProjects/CoM/cmake-build-debug/CMakeFiles/CMakeTmp'
/usr/bin/make -f CMakeFiles/cmTC_7757b.dir/build.make CMakeFiles/cmTC_7757b.dir/build
make[2]: Entering directory '/home/kino/CLionProjects/CoM/cmake-build-debug/CMakeFiles/CMakeTmp'
Building C object CMakeFiles/cmTC_7757b.dir/CheckFunctionExists.c.o
/usr/bin/cc   -DCHECK_FUNCTION_EXISTS=pthread_create   -o CMakeFiles/cmTC_7757b.dir/CheckFunctionExists.c.o   -c /home/kino/Desktop/clion-2018.2.4/bin/cmake/linux/share/cmake-3.12/Modules/CheckFunctionExists.c
Linking C executable cmTC_7757b
/home/kino/Desktop/clion-2018.2.4/bin/cmake/linux/bin/cmake -E cmake_link_script CMakeFiles/cmTC_7757b.dir/link.txt --verbose=1
/usr/bin/cc  -DCHECK_FUNCTION_EXISTS=pthread_create    CMakeFiles/cmTC_7757b.dir/CheckFunctionExists.c.o  -o cmTC_7757b -lpthreads 
/usr/bin/ld: cannot find -lpthreads
collect2: error: ld returned 1 exit status
CMakeFiles/cmTC_7757b.dir/build.make:86: recipe for target 'cmTC_7757b' failed
make[2]: *** [cmTC_7757b] Error 1
make[2]: Leaving directory '/home/kino/CLionProjects/CoM/cmake-build-debug/CMakeFiles/CMakeTmp'
Makefile:121: recipe for target 'cmTC_7757b/fast' failed
make[1]: *** [cmTC_7757b/fast] Error 2
make[1]: Leaving directory '/home/kino/CLionProjects/CoM/cmake-build-debug/CMakeFiles/CMakeTmp'


